2026-03-11 04:25:05 +--------+-------------------------------------------------+----------------+
[!] Opcode Not Found: [2518] | REQ; Length: [8 Bytes] </>
         +-------------------------------------------------+
         |  0  1  2  3  4  5  6  7  8  9  A  B  C  D  E  F |
+--------+-------------------------------------------------+----------------+
|00000000| D6 09 42 18 00 00 00 00                         |..B.....        |
+--------+-------------------------------------------------+----------------+
2026-03-11 04:25:05 +--------+-------------------------------------------------+----------------+
[!] Opcode Not Found: [2518] | REQ; Length: [8 Bytes] </>
         +-------------------------------------------------+
         |  0  1  2  3  4  5  6  7  8  9  A  B  C  D  E  F |
+--------+-------------------------------------------------+----------------+
|00000000| D6 09 5D 4F 01 00 00 00                         |..]O....        |
+--------+-------------------------------------------------+----------------+
2026-03-11 04:25:05 +--------+-------------------------------------------------+----------------+
[!] Opcode Not Found: [8709] | REQ; Length: [20 Bytes] </>
         +-------------------------------------------------+
         |  0  1  2  3  4  5  6  7  8  9  A  B  C  D  E  F |
+--------+-------------------------------------------------+----------------+
|00000000| 05 22 FB 0A 4A BB 2B 21 4D 98 FE 11 E5 8E 05 D3 |."..J.+!M.......|
|00000010| 29 E8 32 55                                     |).2U            |
+--------+-------------------------------------------------+----------------+
