2026-02-11 17:44:16 Processed 1 configurations, 0 errors from Data/ServerConfig.json
2026-02-11 17:44:16 Server configurations loaded: 1 configs from Data/ServerConfig.json
2026-02-11 17:44:16 Plugin Loaded: 2 Command Helpers
2026-02-11 17:44:16 Plugin Loaded: 18 Allowed DRAR
2026-02-11 17:44:16 All critical configurations validated successfully
2026-02-11 17:44:16 Plugin Loaded: 1 Event Login
2026-02-11 17:44:16 Plugin Loaded: 3 Event Boost Bonus
2026-02-11 17:44:16 Plugin Loaded: 1 Event Rank Up
2026-02-11 17:44:16 Plugin Loaded: 1 Time Events
2026-02-11 17:44:16 Plugin Loaded: 1 Event Quest
2026-02-11 17:44:16 Plugin Loaded: 7 Event Visit
2026-02-11 17:44:16 Plugin Loaded: 1 Event X-Mas
2026-02-11 17:44:16 Plugin Loaded: 6 Listed Event Portal
2026-02-11 17:44:17 [LIMITED] Loaded: 104288 GoodId=10428801 Stock=4
2026-02-11 17:44:17 [LIMITED] Loaded: 104286 GoodId=10428601 Stock=4
2026-02-11 17:44:17 [LIMITED] Loaded: 800323 GoodId=80032301 Stock=5
2026-02-11 17:44:17 [LIMITED] Loaded: 601884 GoodId=60188401 Stock=100
2026-02-11 17:44:17 [LIMITED] Loaded: 301146 GoodId=30114601 Stock=3
2026-02-11 17:44:17 [LIMITED] Loaded: 106332 GoodId=10633201 Stock=99
2026-02-11 17:44:17 [LIMITED] Loaded: 103274 GoodId=10327401 Stock=4
2026-02-11 17:44:17 [LIMITED] Loaded: 602883 GoodId=60288301 Stock=100
2026-02-11 17:44:17 [LIMITED] Loaded: 105692 GoodId=10569201 Stock=100
2026-02-11 17:44:17 [LIMITED] Loaded: 139053 GoodId=13905301 Stock=100
2026-02-11 17:44:17 [LIMITED] Loaded: 105167 GoodId=10516701 Stock=3
2026-02-11 17:44:17 [LIMITED] Loaded: 301502 GoodId=30150201 Stock=100
2026-02-11 17:44:17 [LIMITED] Loaded: 136514 GoodId=13651401 Stock=99
2026-02-11 17:44:17 [LIMITED] Loaded: 105701 GoodId=10570101 Stock=98
2026-02-11 17:44:17 [LIMITED] Loaded: 136539 GoodId=13653901 Stock=98
2026-02-11 17:44:17 [LIMITED] Loaded: 136541 GoodId=13654101 Stock=98
2026-02-11 17:44:17 Plugin Loaded: 3258 Buyable Items
2026-02-11 17:44:17 Plugin Loaded: 2 Repairable Items
2026-02-11 17:44:17 Plugin Loaded: 16 Limited Items
2026-02-11 17:44:17 [LIMITED] Loaded: 104288 GoodId=10428801 Stock=4
2026-02-11 17:44:17 [LIMITED] Loaded: 104286 GoodId=10428601 Stock=4
2026-02-11 17:44:17 [LIMITED] Loaded: 800323 GoodId=80032301 Stock=5
2026-02-11 17:44:17 [LIMITED] Loaded: 601884 GoodId=60188401 Stock=100
2026-02-11 17:44:17 [LIMITED] Loaded: 301146 GoodId=30114601 Stock=3
2026-02-11 17:44:17 [LIMITED] Loaded: 106332 GoodId=10633201 Stock=99
2026-02-11 17:44:17 [LIMITED] Loaded: 103274 GoodId=10327401 Stock=4
2026-02-11 17:44:17 [LIMITED] Loaded: 602883 GoodId=60288301 Stock=100
2026-02-11 17:44:17 [LIMITED] Loaded: 105692 GoodId=10569201 Stock=100
2026-02-11 17:44:17 [LIMITED] Loaded: 139053 GoodId=13905301 Stock=100
2026-02-11 17:44:17 [LIMITED] Loaded: 105167 GoodId=10516701 Stock=3
2026-02-11 17:44:17 [LIMITED] Loaded: 301502 GoodId=30150201 Stock=100
2026-02-11 17:44:17 [LIMITED] Loaded: 136514 GoodId=13651401 Stock=99
2026-02-11 17:44:17 [LIMITED] Loaded: 105701 GoodId=10570101 Stock=98
2026-02-11 17:44:17 [LIMITED] Loaded: 136539 GoodId=13653901 Stock=98
2026-02-11 17:44:17 [LIMITED] Loaded: 136541 GoodId=13654101 Stock=98
2026-02-11 17:44:17 Plugin Loaded: 640 Mission Card List
2026-02-11 17:44:17 Plugin Loaded: 160 Mission Card Awards
2026-02-11 17:44:17 Plugin Loaded: 1280 Mission Card List
2026-02-11 17:44:17 Plugin Loaded: 7 Mission Reward Items
2026-02-11 17:44:17 Plugin Loaded: 24 Basic Templates
2026-02-11 17:44:17 Plugin Loaded: 2 PC Cafes
2026-02-11 17:44:17 Plugin Loaded: 8 Award Templates
2026-02-11 17:44:17 Plugin Loaded: 44 Title System
2026-02-11 17:44:17 Plugin Loaded: 0 Title Awards
2026-02-11 17:44:17 Plugin Loaded: 15 Mission Awards
2026-02-11 17:44:17 Plugin Loaded: 16 Mission Stores
2026-02-11 17:44:17 Plugin Loaded: 4 Server Channel
2026-02-11 17:44:17 Plugin Loaded: 64 Map Rules
2026-02-11 17:44:17 Plugin Loaded: 135 Map Matches
2026-02-11 17:44:17 Plugin Loaded: 49 Clan Ranks
2026-02-11 17:44:17 Plugin Loaded: 58 Player Ranks
2026-02-11 17:44:17 Plugin Loaded: 26 Coupon Effects
2026-02-11 17:44:17 Plugin Loaded: 7 Permissions
2026-02-11 17:44:17 Plugin Loaded: 3 Permission Ranks
2026-02-11 17:44:17 Plugin Loaded: 3 Level Permission
2026-02-11 17:44:17 Plugin Loaded: 6 Random Boxes
2026-02-11 17:44:17 Plugin Loaded: 8 Battle Boxes
2026-02-11 17:44:17 Plugin Loaded: 17 Lib Hases
2026-02-11 17:44:17 Plugin Loaded: 3 Internet Cafe Bonuses
2026-02-11 17:44:17 Plugin Loaded: 16 Redeem Codes
2026-02-11 17:44:17 Plugin Loaded: 3 Battle Rewards
2026-02-11 17:44:17 Plugin Loaded: 1231 Nick Filters
2026-02-11 17:44:17 ClassicMode Load Success
2026-02-11 17:44:17 BattlePassManager: Starting Battle Pass data loading
2026-02-11 17:44:17 BattlePassManager: They were loaded 1 seasons
2026-02-11 17:44:17 active season found: Battle Pass Season 2 (ID: 1)
2026-02-11 17:44:17 BattlePassManager: They were loaded 50 cards for the active season
2026-02-11 17:44:17 BattlePassManager: Data load completed successfully
2026-02-11 17:44:17 Plugin Loaded: 21 Competitive Ranks
2026-02-11 17:44:17 RconManager Address ws://26.28.8.111:30000
2026-02-11 17:44:18 Communication Address 127.0.0.1:1909
2026-02-11 17:44:18 All Server Plugins Successfully Loaded
2026-02-11 17:44:18 Auth Sync Address 127.0.0.1:1910
2026-02-11 17:44:18 Auth Serv Address 127.0.0.1:39190
2026-02-11 17:44:18 Loaded 1 clans successfully.
2026-02-11 17:44:18 Game Sync Address 127.0.0.1:1911
2026-02-11 17:44:18 Game Serv Address 127.0.0.1:39191
2026-02-11 17:44:18 Game Sync Address 127.0.0.1:1912
2026-02-11 17:44:18 Game Serv Address 127.0.0.1:39192
2026-02-11 17:44:18 Game Sync Address 127.0.0.1:1913
2026-02-11 17:44:18 Game Serv Address 127.0.0.1:39193
2026-02-11 17:44:18 Match Sync Address 127.0.0.1:2729
2026-02-11 17:44:18 Match Serv Address 127.0.0.1:40009
2026-02-11 17:44:18 Startup Successful, Server Runtime 2026
2026-02-11 17:44:38 Connection blocked. IP: 127.0.0.1; Date: 2/11/2026 5:44:38 PM; SessionId: 1; PacketSeed: 57412 / NextSessionSeed: 19988; PrimarySeed: 6109
2026-02-11 17:44:38 This connection is blocked for 5 seconds. IP: 127.0.0.1; Date:2/11/2026 5:44:38 PM
