2026-03-01 05:51:16 Processed 1 configurations, 0 errors from Data/ServerConfig.json
2026-03-01 05:51:16 Server configurations loaded: 1 configs from Data/ServerConfig.json
2026-03-01 05:51:16 Plugin Loaded: 2 Command Helpers
2026-03-01 05:51:16 Plugin Loaded: 18 Allowed DRAR
2026-03-01 05:51:16 All critical configurations validated successfully
2026-03-01 05:51:16 Plugin Loaded: 1 Event Login
2026-03-01 05:51:16 Plugin Loaded: 3 Event Boost Bonus
2026-03-01 05:51:16 Plugin Loaded: 1 Event Rank Up
2026-03-01 05:51:16 Plugin Loaded: 1 Time Events
2026-03-01 05:51:16 Plugin Loaded: 1 Event Quest
2026-03-01 05:51:16 Plugin Loaded: 7 Event Visit
2026-03-01 05:51:16 Plugin Loaded: 1 Event X-Mas
2026-03-01 05:51:16 Plugin Loaded: 6 Listed Event Portal
2026-03-01 05:51:16 Plugin Loaded: 3809 Buyable Items
2026-03-01 05:51:16 Plugin Loaded: 2 Repairable Items
2026-03-01 05:51:16 Plugin Loaded: 0 Limited Items
2026-03-01 05:51:17 Plugin Loaded: 640 Mission Card List
2026-03-01 05:51:17 Plugin Loaded: 160 Mission Card Awards
2026-03-01 05:51:17 Plugin Loaded: 1280 Mission Card List
2026-03-01 05:51:17 Plugin Loaded: 7 Mission Reward Items
2026-03-01 05:51:17 Plugin Loaded: 24 Basic Templates
2026-03-01 05:51:17 Plugin Loaded: 2 PC Cafes
2026-03-01 05:51:17 Plugin Loaded: 8 Award Templates
2026-03-01 05:51:17 Plugin Loaded: 44 Title System
2026-03-01 05:51:17 Plugin Loaded: 0 Title Awards
2026-03-01 05:51:17 Plugin Loaded: 15 Mission Awards
2026-03-01 05:51:17 Plugin Loaded: 16 Mission Stores
2026-03-01 05:51:17 Plugin Loaded: 4 Server Channel
2026-03-01 05:51:17 Plugin Loaded: 64 Map Rules
2026-03-01 05:51:17 Plugin Loaded: 135 Map Matches
2026-03-01 05:51:17 Plugin Loaded: 49 Clan Ranks
2026-03-01 05:51:17 Plugin Loaded: 58 Player Ranks
