2026-03-11 04:42:30 Processed 1 configurations, 0 errors from Data/ServerConfig.json
2026-03-11 04:42:30 Server configurations loaded: 1 configs from Data/ServerConfig.json
2026-03-11 04:42:30 Plugin Loaded: 2 Command Helpers
2026-03-11 04:42:30 Plugin Loaded: 18 Allowed DRAR
2026-03-11 04:42:30 All critical configurations validated successfully
2026-03-11 04:42:30 Plugin Loaded: 1 Event Login
2026-03-11 04:42:30 Plugin Loaded: 3 Event Boost Bonus
2026-03-11 04:42:30 Plugin Loaded: 1 Event Rank Up
2026-03-11 04:42:30 Plugin Loaded: 1 Time Events
2026-03-11 04:42:30 Plugin Loaded: 1 Event Quest
2026-03-11 04:42:30 Plugin Loaded: 7 Event Visit
2026-03-11 04:42:30 Plugin Loaded: 1 Event X-Mas
2026-03-11 04:42:30 Plugin Loaded: 6 Listed Event Portal
2026-03-11 04:42:31 Invalid Category [42]: 4201050
2026-03-11 04:42:31 Invalid Category [42]: 4203050
2026-03-11 04:42:31 Invalid Category [42]: 4207050
2026-03-11 04:42:31 Invalid Category [42]: 4230050
2026-03-11 04:42:31 Plugin Loaded: 3835 Buyable Items
2026-03-11 04:42:31 Plugin Loaded: 2 Repairable Items
2026-03-11 04:42:31 Plugin Loaded: 0 Limited Items
2026-03-11 04:42:31 Invalid Category [42]: 4201050
2026-03-11 04:42:31 Invalid Category [42]: 4203050
2026-03-11 04:42:31 Invalid Category [42]: 4207050
2026-03-11 04:42:31 Invalid Category [42]: 4230050
2026-03-11 04:42:31 Plugin Loaded: 640 Mission Card List
2026-03-11 04:42:31 Plugin Loaded: 160 Mission Card Awards
2026-03-11 04:42:31 Plugin Loaded: 1280 Mission Card List
2026-03-11 04:42:31 Plugin Loaded: 7 Mission Reward Items
2026-03-11 04:42:31 Plugin Loaded: 24 Basic Templates
2026-03-11 04:42:31 Plugin Loaded: 2 PC Cafes
2026-03-11 04:42:31 Plugin Loaded: 8 Award Templates
2026-03-11 04:42:31 Plugin Loaded: 44 Title System
2026-03-11 04:42:31 Plugin Loaded: 0 Title Awards
2026-03-11 04:42:31 Plugin Loaded: 15 Mission Awards
2026-03-11 04:42:31 Plugin Loaded: 16 Mission Stores
2026-03-11 04:42:31 Plugin Loaded: 4 Server Channel
2026-03-11 04:42:31 Plugin Loaded: 64 Map Rules
2026-03-11 04:42:31 Plugin Loaded: 135 Map Matches
2026-03-11 04:42:31 Plugin Loaded: 49 Clan Ranks
2026-03-11 04:42:31 Plugin Loaded: 58 Player Ranks
2026-03-11 04:42:31 Plugin Loaded: 26 Coupon Effects
2026-03-11 04:42:31 Plugin Loaded: 7 Permissions
2026-03-11 04:42:31 Plugin Loaded: 3 Permission Ranks
2026-03-11 04:42:31 Plugin Loaded: 3 Level Permission
2026-03-11 04:42:31 Plugin Loaded: 6 Random Boxes
2026-03-11 04:42:31 Plugin Loaded: 8 Battle Boxes
2026-03-11 04:42:31 Plugin Loaded: 17 Lib Hases
2026-03-11 04:42:31 Plugin Loaded: 3 Internet Cafe Bonuses
2026-03-11 04:42:31 Plugin Loaded: 16 Redeem Codes
2026-03-11 04:42:31 Plugin Loaded: 3 Battle Rewards
2026-03-11 04:42:31 Plugin Loaded: 1231 Nick Filters
2026-03-11 04:42:31 ClassicMode Load Success
2026-03-11 04:42:31 BattlePassManager: Starting Battle Pass data loading
2026-03-11 04:42:31 BattlePassManager: They were loaded 1 seasons
2026-03-11 04:42:31 active season found: Battle Pass Season 2 (ID: 1)
2026-03-11 04:42:31 BattlePassManager: They were loaded 50 cards for the active season
2026-03-11 04:42:31 BattlePassManager: Data load completed successfully
2026-03-11 04:42:31 Plugin Loaded: 21 Competitive Ranks
2026-03-11 04:42:31 RconManager Address ws://26.28.8.111:30000
2026-03-11 04:42:31 Communication Address 127.0.0.1:1909
2026-03-11 04:42:31 All Server Plugins Successfully Loaded
2026-03-11 04:42:31 Auth Sync Address 127.0.0.1:1910
2026-03-11 04:42:31 Auth Serv Address 127.0.0.1:39190
2026-03-11 04:42:31 Loaded 2 clans successfully.
2026-03-11 04:42:31 Game Sync Address 127.0.0.1:1911
2026-03-11 04:42:31 Game Serv Address 127.0.0.1:39191
2026-03-11 04:42:31 Game Sync Address 127.0.0.1:1912
2026-03-11 04:42:31 Game Serv Address 127.0.0.1:39192
2026-03-11 04:42:31 Game Sync Address 127.0.0.1:1913
2026-03-11 04:42:31 Game Serv Address 127.0.0.1:39193
2026-03-11 04:42:31 Match Sync Address 127.0.0.1:2729
2026-03-11 04:42:31 Match Serv Address 127.0.0.1:40009
2026-03-11 04:42:31 Startup Successful, Server Runtime 2026
2026-03-11 04:43:04 [SEED-DEBUG] Got: 38 / Expected: 4342 / Primary: 1318 / Mode: 1
2026-03-11 04:43:04 Account created automatically [dmin2]
2026-03-11 04:43:05 Failed to get country info for IP: 127.0.0.1
2026-03-11 04:43:05 Account User: dmin2, Player UID: 29, Is Connected
2026-03-11 04:43:05 Login successful [dmin2] IP: 127.0.0.1
2026-03-11 04:43:06 [SEED-DEBUG] Got: 162 / Expected: 14217 / Primary: 1318 / Mode: 1
2026-03-11 04:43:06 [SEED-DEBUG] Got: 567 / Expected: 13697 / Primary: 1318 / Mode: 1
2026-03-11 04:43:06 [SEED-DEBUG] Got: 1890 / Expected: 11999 / Primary: 1318 / Mode: 1
2026-03-11 04:43:06 [SEED-DEBUG] Got: 6210 / Expected: 6454 / Primary: 1318 / Mode: 1
2026-03-11 04:43:06 [SEED-DEBUG] Got: 20317 / Expected: 21114 / Primary: 1318 / Mode: 1
2026-03-11 04:43:06 [SEED-DEBUG] Got: 849 / Expected: 3452 / Primary: 1318 / Mode: 1
2026-03-11 04:43:06 [SEED-DEBUG] Got: 2811 / Expected: 11311 / Primary: 1318 / Mode: 1
2026-03-11 04:44:29 [SEED-DEBUG] Got: 9218 / Expected: 4207 / Primary: 1318 / Mode: 1
2026-03-11 04:45:29 [SEED-DEBUG] Got: 30140 / Expected: 13776 / Primary: 1318 / Mode: 1
2026-03-11 04:46:29 [SEED-DEBUG] Got: 159 / Expected: 12257 / Primary: 1318 / Mode: 1
2026-03-11 04:47:29 [SEED-DEBUG] Got: 557 / Expected: 7296 / Primary: 1318 / Mode: 1
2026-03-11 04:48:29 [SEED-DEBUG] Got: 1857 / Expected: 23864 / Primary: 1318 / Mode: 1
2026-03-11 04:49:29 [SEED-DEBUG] Got: 6102 / Expected: 12432 / Primary: 1318 / Mode: 1
2026-03-11 04:50:29 [SEED-DEBUG] Got: 19965 / Expected: 7868 / Primary: 1318 / Mode: 1
2026-03-11 04:51:29 [SEED-DEBUG] Got: 32467 / Expected: 25732 / Primary: 1318 / Mode: 1
2026-03-11 04:52:29 [SEED-DEBUG] Got: 7758 / Expected: 18532 / Primary: 1318 / Mode: 1
2026-03-11 04:53:29 [SEED-DEBUG] Got: 25372 / Expected: 27788 / Primary: 1318 / Mode: 1
2026-03-11 04:54:29 [SEED-DEBUG] Got: 17356 / Expected: 25246 / Primary: 1318 / Mode: 1
2026-03-11 04:55:29 [SEED-DEBUG] Got: 23948 / Expected: 16945 / Primary: 1318 / Mode: 1
2026-03-11 04:56:29 [SEED-DEBUG] Got: 12706 / Expected: 22605 / Primary: 1318 / Mode: 1
2026-03-11 04:57:29 [SEED-DEBUG] Got: 8763 / Expected: 8321 / Primary: 1318 / Mode: 1
2026-03-11 04:58:29 [SEED-DEBUG] Got: 28654 / Expected: 27211 / Primary: 1318 / Mode: 1
2026-03-11 04:59:29 [SEED-DEBUG] Got: 28074 / Expected: 23362 / Primary: 1318 / Mode: 1
2026-03-11 05:00:29 [SEED-DEBUG] Got: 26180 / Expected: 10793 / Primary: 1318 / Mode: 1
2026-03-11 05:01:29 [SEED-DEBUG] Got: 19995 / Expected: 2516 / Primary: 1318 / Mode: 1
2026-03-11 05:02:29 [SEED-DEBUG] Got: 32565 / Expected: 8254 / Primary: 1318 / Mode: 1
2026-03-11 05:03:05 HeartBeat timeout. IP: 127.0.0.1
2026-03-11 05:03:05 Account User: dmin2, Player UID: 29, Is Disconnected
