2026-02-14 14:20:36 Processed 1 configurations, 0 errors from Data/ServerConfig.json
2026-02-14 14:20:36 Server configurations loaded: 1 configs from Data/ServerConfig.json
2026-02-14 14:20:36 Plugin Loaded: 2 Command Helpers
2026-02-14 14:20:36 Plugin Loaded: 18 Allowed DRAR
2026-02-14 14:20:36 All critical configurations validated successfully
2026-02-14 14:20:36 Plugin Loaded: 1 Event Login
2026-02-14 14:20:36 Plugin Loaded: 3 Event Boost Bonus
2026-02-14 14:20:36 Plugin Loaded: 1 Event Rank Up
2026-02-14 14:20:36 Plugin Loaded: 1 Time Events
2026-02-14 14:20:36 Plugin Loaded: 1 Event Quest
2026-02-14 14:20:36 Plugin Loaded: 7 Event Visit
2026-02-14 14:20:36 Plugin Loaded: 1 Event X-Mas
2026-02-14 14:20:36 Plugin Loaded: 6 Listed Event Portal
2026-02-14 14:20:37 Plugin Loaded: 3443 Buyable Items
2026-02-14 14:20:37 Plugin Loaded: 2 Repairable Items
2026-02-14 14:20:37 Plugin Loaded: 0 Limited Items
2026-02-14 14:20:37 Plugin Loaded: 640 Mission Card List
2026-02-14 14:20:37 Plugin Loaded: 160 Mission Card Awards
2026-02-14 14:20:37 Plugin Loaded: 1280 Mission Card List
2026-02-14 14:20:37 Plugin Loaded: 7 Mission Reward Items
2026-02-14 14:20:37 Plugin Loaded: 24 Basic Templates
2026-02-14 14:20:37 Plugin Loaded: 2 PC Cafes
2026-02-14 14:20:37 Plugin Loaded: 8 Award Templates
2026-02-14 14:20:37 Plugin Loaded: 44 Title System
2026-02-14 14:20:37 Plugin Loaded: 0 Title Awards
2026-02-14 14:20:37 Plugin Loaded: 15 Mission Awards
2026-02-14 14:20:37 Plugin Loaded: 16 Mission Stores
2026-02-14 14:20:37 Plugin Loaded: 4 Server Channel
2026-02-14 14:20:37 Plugin Loaded: 64 Map Rules
2026-02-14 14:20:37 Plugin Loaded: 135 Map Matches
2026-02-14 14:20:37 Plugin Loaded: 49 Clan Ranks
2026-02-14 14:20:37 Plugin Loaded: 58 Player Ranks
2026-02-14 14:20:37 Plugin Loaded: 26 Coupon Effects
2026-02-14 14:20:37 Plugin Loaded: 7 Permissions
2026-02-14 14:20:37 Plugin Loaded: 3 Permission Ranks
2026-02-14 14:20:37 Plugin Loaded: 3 Level Permission
2026-02-14 14:20:37 Plugin Loaded: 6 Random Boxes
2026-02-14 14:20:37 Plugin Loaded: 8 Battle Boxes
2026-02-14 14:20:37 Plugin Loaded: 17 Lib Hases
2026-02-14 14:20:37 Plugin Loaded: 3 Internet Cafe Bonuses
2026-02-14 14:20:37 Plugin Loaded: 16 Redeem Codes
2026-02-14 14:20:37 Plugin Loaded: 3 Battle Rewards
2026-02-14 14:20:37 Plugin Loaded: 1231 Nick Filters
2026-02-14 14:20:37 ClassicMode Load Success
2026-02-14 14:20:37 BattlePassManager: Starting Battle Pass data loading
2026-02-14 14:20:37 BattlePassManager: They were loaded 1 seasons
2026-02-14 14:20:37 active season found: Battle Pass Season 2 (ID: 1)
2026-02-14 14:20:37 BattlePassManager: They were loaded 50 cards for the active season
2026-02-14 14:20:37 BattlePassManager: Data load completed successfully
2026-02-14 14:20:37 Plugin Loaded: 21 Competitive Ranks
2026-02-14 14:20:37 RconManager Address ws://26.28.8.111:30000
2026-02-14 14:20:38 Communication Address 127.0.0.1:1909
2026-02-14 14:20:38 All Server Plugins Successfully Loaded
2026-02-14 14:20:38 Auth Sync Address 127.0.0.1:1910
2026-02-14 14:20:38 Auth Serv Address 127.0.0.1:39190
2026-02-14 14:20:38 Loaded 1 clans successfully.
2026-02-14 14:20:38 Game Sync Address 127.0.0.1:1911
2026-02-14 14:20:38 Game Serv Address 127.0.0.1:39191
2026-02-14 14:20:38 Game Sync Address 127.0.0.1:1912
2026-02-14 14:20:38 Game Serv Address 127.0.0.1:39192
2026-02-14 14:20:38 Game Sync Address 127.0.0.1:1913
2026-02-14 14:20:38 Game Serv Address 127.0.0.1:39193
2026-02-14 14:20:39 Match Sync Address 127.0.0.1:2729
2026-02-14 14:20:39 Match Serv Address 127.0.0.1:40009
2026-02-14 14:20:39 Startup Successful, Server Runtime 2026
2026-02-14 14:21:11 Account User: test2, Player UID: 2, Is Connected
2026-02-14 14:22:28 Account User: test11, Player UID: 13, Is Connected
2026-02-14 14:23:10 +--------+-------------------------------------------------+----------------+
[!] START_CHAT; Length: [26 Bytes] </>
         +-------------------------------------------------+
         |  0  1  2  3  4  5  6  7  8  9  A  B  C  D  E  F |
+--------+-------------------------------------------------+----------------+
|00000000| 01 1A 04 56 08 74 00 65 00 73 00 74 00 31 00 32 |...V.t.e.s.t.1.2|
|00000010| 00 33 00 34 00 00 00 00 00 01                   |.3.4......      |
+--------+-------------------------------------------------+----------------+
2026-02-14 14:23:21 +--------+-------------------------------------------------+----------------+
[!] START_CHAT; Length: [26 Bytes] </>
         +-------------------------------------------------+
         |  0  1  2  3  4  5  6  7  8  9  A  B  C  D  E  F |
+--------+-------------------------------------------------+----------------+
|00000000| 01 1A BF 70 08 74 00 65 00 73 00 74 00 31 00 32 |...p.t.e.s.t.1.2|
|00000010| 00 33 00 34 00 02 00 00 00 01                   |.3.4......      |
+--------+-------------------------------------------------+----------------+
2026-02-14 14:23:31 +--------+-------------------------------------------------+----------------+
[!] START_CHAT; Length: [26 Bytes] </>
         +-------------------------------------------------+
         |  0  1  2  3  4  5  6  7  8  9  A  B  C  D  E  F |
+--------+-------------------------------------------------+----------------+
|00000000| 01 1A 7B 3D 08 74 00 65 00 73 00 74 00 31 00 32 |..{=.t.e.s.t.1.2|
|00000010| 00 33 00 34 00 02 00 00 00 01                   |.3.4......      |
+--------+-------------------------------------------------+----------------+
2026-02-14 14:23:38 +--------+-------------------------------------------------+----------------+
[!] APPLY_PENALTY; Length: [36 Bytes] </>
         +-------------------------------------------------+
         |  0  1  2  3  4  5  6  7  8  9  A  B  C  D  E  F |
+--------+-------------------------------------------------+----------------+
|00000000| 07 1A EB 48 08 50 00 68 00 69 00 73 00 68 00 69 |...H.P.h.i.s.h.i|
|00000010| 00 6E 00 67 00 00 09 58 02 00 00 01 0D 00 00 00 |.n.g...X........|
|00000020| 00 00 00 00                                     |....            |
+--------+-------------------------------------------------+----------------+
2026-02-14 14:23:38 PROTOCOL_GMCHAT_APPLY_PENALTY_REQ: From=TEST #1, TargetId=29555319238754409, Type=0, BanTime=1744850952
2026-02-14 14:24:58 +--------+-------------------------------------------------+----------------+
[!] START_CHAT; Length: [26 Bytes] </>
         +-------------------------------------------------+
         |  0  1  2  3  4  5  6  7  8  9  A  B  C  D  E  F |
+--------+-------------------------------------------------+----------------+
|00000000| 01 1A 8F 54 08 74 00 65 00 73 00 74 00 31 00 32 |...T.t.e.s.t.1.2|
|00000010| 00 33 00 34 00 02 00 00 00 01                   |.3.4......      |
+--------+-------------------------------------------------+----------------+
2026-02-14 14:25:06 +--------+-------------------------------------------------+----------------+
[!] APPLY_PENALTY; Length: [36 Bytes] </>
         +-------------------------------------------------+
         |  0  1  2  3  4  5  6  7  8  9  A  B  C  D  E  F |
+--------+-------------------------------------------------+----------------+
|00000000| 07 1A 48 14 08 50 00 68 00 69 00 73 00 68 00 69 |..H..P.h.i.s.h.i|
|00000010| 00 6E 00 67 00 00 09 08 07 00 00 01 0D 00 00 00 |.n.g............|
|00000020| 00 00 00 00                                     |....            |
+--------+-------------------------------------------------+----------------+
2026-02-14 14:25:06 PROTOCOL_GMCHAT_APPLY_PENALTY_REQ: From=TEST #1, TargetId=29555319238754409, Type=0, BanTime=1744850952
2026-02-14 14:25:53 +--------+-------------------------------------------------+----------------+
[!] APPLY_PENALTY; Length: [60 Bytes] </>
         +-------------------------------------------------+
         |  0  1  2  3  4  5  6  7  8  9  A  B  C  D  E  F |
+--------+-------------------------------------------------+----------------+
|00000000| 07 1A 61 42 14 55 00 73 00 69 00 6E 00 67 00 20 |..aB.U.s.i.n.g. |
|00000010| 00 50 00 72 00 6F 00 67 00 72 00 61 00 6D 00 20 |.P.r.o.g.r.a.m. |
|00000020| 00 49 00 6C 00 65 00 67 00 61 00 6C 00 00 02 FF |.I.l.e.g.a.l....|
|00000030| FF FF FF 02 0D 00 00 00 00 00 00 00             |............    |
+--------+-------------------------------------------------+----------------+
2026-02-14 14:25:53 PROTOCOL_GMCHAT_APPLY_PENALTY_REQ: From=TEST #1, TargetId=9007641643581545, Type=0, BanTime=1929401620
2026-02-14 14:30:17 Account User: test2, Player UID: 2, Is Disconnected
