2026-03-07 22:44:37 Processed 1 configurations, 0 errors from Data/ServerConfig.json
2026-03-07 22:44:37 Server configurations loaded: 1 configs from Data/ServerConfig.json
2026-03-07 22:44:37 Plugin Loaded: 2 Command Helpers
2026-03-07 22:44:37 Plugin Loaded: 18 Allowed DRAR
2026-03-07 22:44:37 All critical configurations validated successfully
2026-03-07 22:44:37 Plugin Loaded: 1 Event Login
2026-03-07 22:44:37 Plugin Loaded: 3 Event Boost Bonus
2026-03-07 22:44:37 Plugin Loaded: 1 Event Rank Up
2026-03-07 22:44:37 Plugin Loaded: 1 Time Events
2026-03-07 22:44:37 Plugin Loaded: 1 Event Quest
2026-03-07 22:44:37 Plugin Loaded: 7 Event Visit
2026-03-07 22:44:37 Plugin Loaded: 1 Event X-Mas
2026-03-07 22:44:37 Plugin Loaded: 6 Listed Event Portal
2026-03-07 22:44:38 Plugin Loaded: 3831 Buyable Items
2026-03-07 22:44:38 Plugin Loaded: 2 Repairable Items
2026-03-07 22:44:38 Plugin Loaded: 0 Limited Items
2026-03-07 22:44:38 Plugin Loaded: 640 Mission Card List
2026-03-07 22:44:38 Plugin Loaded: 160 Mission Card Awards
2026-03-07 22:44:38 Plugin Loaded: 1280 Mission Card List
2026-03-07 22:44:38 Plugin Loaded: 7 Mission Reward Items
2026-03-07 22:44:38 Plugin Loaded: 24 Basic Templates
2026-03-07 22:44:38 Plugin Loaded: 2 PC Cafes
2026-03-07 22:44:38 Plugin Loaded: 8 Award Templates
2026-03-07 22:44:38 Plugin Loaded: 44 Title System
2026-03-07 22:44:38 Plugin Loaded: 0 Title Awards
2026-03-07 22:44:38 Plugin Loaded: 15 Mission Awards
2026-03-07 22:44:38 Plugin Loaded: 16 Mission Stores
2026-03-07 22:44:38 Plugin Loaded: 4 Server Channel
2026-03-07 22:44:38 Plugin Loaded: 64 Map Rules
2026-03-07 22:44:38 Plugin Loaded: 135 Map Matches
2026-03-07 22:44:38 Plugin Loaded: 49 Clan Ranks
2026-03-07 22:44:38 Plugin Loaded: 58 Player Ranks
2026-03-07 22:44:38 Plugin Loaded: 26 Coupon Effects
2026-03-07 22:44:38 Plugin Loaded: 7 Permissions
2026-03-07 22:44:39 Plugin Loaded: 3 Permission Ranks
2026-03-07 22:44:39 Plugin Loaded: 3 Level Permission
2026-03-07 22:44:39 Plugin Loaded: 6 Random Boxes
2026-03-07 22:44:39 Plugin Loaded: 8 Battle Boxes
2026-03-07 22:44:39 Plugin Loaded: 17 Lib Hases
2026-03-07 22:44:39 Plugin Loaded: 3 Internet Cafe Bonuses
2026-03-07 22:44:39 Plugin Loaded: 16 Redeem Codes
2026-03-07 22:44:39 Plugin Loaded: 3 Battle Rewards
2026-03-07 22:44:39 Plugin Loaded: 1231 Nick Filters
2026-03-07 22:44:39 ClassicMode Load Success
2026-03-07 22:44:39 BattlePassManager: Starting Battle Pass data loading
2026-03-07 22:44:39 BattlePassManager: They were loaded 1 seasons
2026-03-07 22:44:39 active season found: Battle Pass Season 2 (ID: 1)
2026-03-07 22:44:39 BattlePassManager: They were loaded 50 cards for the active season
2026-03-07 22:44:39 BattlePassManager: Data load completed successfully
2026-03-07 22:44:39 Plugin Loaded: 21 Competitive Ranks
2026-03-07 22:44:39 RconManager Address ws://26.28.8.111:30000
2026-03-07 22:44:40 Communication Address 127.0.0.1:1909
2026-03-07 22:44:40 All Server Plugins Successfully Loaded
2026-03-07 22:44:40 Auth Sync Address 127.0.0.1:1910
2026-03-07 22:44:40 Auth Serv Address 127.0.0.1:39190
2026-03-07 22:44:40 Loaded 2 clans successfully.
2026-03-07 22:44:40 Game Sync Address 127.0.0.1:1911
2026-03-07 22:44:40 Game Serv Address 127.0.0.1:39191
2026-03-07 22:44:40 Game Sync Address 127.0.0.1:1912
2026-03-07 22:44:40 Game Serv Address 127.0.0.1:39192
2026-03-07 22:44:40 Game Sync Address 127.0.0.1:1913
2026-03-07 22:44:40 Game Serv Address 127.0.0.1:39193
2026-03-07 22:44:40 Match Sync Address 127.0.0.1:2729
2026-03-07 22:44:40 Match Serv Address 127.0.0.1:40009
2026-03-07 22:44:40 Startup Successful, Server Runtime 2026
2026-03-07 22:59:22 +--------+-------------------------------------------------+----------------+
[!] LOGIN_REQ; Length: [115 Bytes] </>
         +-------------------------------------------------+
         |  0  1  2  3  4  5  6  7  8  9  A  B  C  D  E  F |
+--------+-------------------------------------------------+----------------+
|00000000| 01 05 56 63 00 90 00 01 10 26 0C D8 3E DE 10 00 |..Vc.....&..>...|
|00000010| 00 A2 25 00 00 00 00 20 00 30 1C 0F 00 80 00 64 |..%.... .0.....d|
|00000020| 01 00 80 07 38 04 03 5C BD 49 FD 00 00 00 00 20 |....8..\.I..... |
|00000030| 63 39 62 62 37 63 34 66 30 30 34 65 64 65 38 65 |c9bb7c4f004ede8e|
|00000040| 64 34 37 65 31 31 63 61 35 38 37 32 31 31 36 37 |d47e11ca58721167|
|00000050| DB E3 AF B4 00 0A 00 80 00 00 00 00 00 00 00 00 |................|
|00000060| 04 03 50 00 00 00 05 74 65 73 74 31 05 74 65 73 |..P....test1.tes|
|00000070| 74 31 00                                        |t1.             |
+--------+-------------------------------------------------+----------------+
2026-03-07 22:59:23 Account User: test1, Player UID: 15, Is Connected
2026-03-07 22:59:24 +--------+-------------------------------------------------+----------------+
[!] INVENTORY_REQ; Length: [4 Bytes] </>
         +-------------------------------------------------+
         |  0  1  2  3  4  5  6  7  8  9  A  B  C  D  E  F |
+--------+-------------------------------------------------+----------------+
|00000000| 0E 09 D0 32                                     |...2            |
+--------+-------------------------------------------------+----------------+
2026-03-07 22:59:48 +--------+-------------------------------------------------+----------------+
[!] CHANNELLIST_REQ; Length: [8 Bytes] </>
         +-------------------------------------------------+
         |  0  1  2  3  4  5  6  7  8  9  A  B  C  D  E  F |
+--------+-------------------------------------------------+----------------+
|00000000| 1C 09 82 7C 01 00 00 00                         |...|....        |
+--------+-------------------------------------------------+----------------+
2026-03-07 23:01:04 Account User: test1, Player UID: 15, Is Disconnected
2026-03-07 23:02:50 +--------+-------------------------------------------------+----------------+
[!] LOGIN_REQ; Length: [115 Bytes] </>
         +-------------------------------------------------+
         |  0  1  2  3  4  5  6  7  8  9  A  B  C  D  E  F |
+--------+-------------------------------------------------+----------------+
|00000000| 01 05 8C 6A 00 90 00 01 10 26 0C D8 3E DE 10 00 |...j.....&..>...|
|00000010| 00 A2 25 00 00 00 00 20 00 30 1C 0F 00 80 00 64 |..%.... .0.....d|
|00000020| 01 00 80 07 38 04 03 02 00 00 00 00 00 00 00 20 |....8.......... |
|00000030| 65 36 38 34 63 30 61 37 32 32 34 37 31 30 65 64 |e684c0a7224710ed|
|00000040| 31 64 37 63 65 62 37 30 65 66 31 66 37 35 39 62 |1d7ceb70ef1f759b|
|00000050| 2F E9 CD 90 00 12 00 80 00 00 00 00 00 00 00 00 |/...............|
|00000060| 04 03 50 00 00 00 05 74 65 73 74 31 05 74 65 73 |..P....test1.tes|
|00000070| 74 31 00                                        |t1.             |
+--------+-------------------------------------------------+----------------+
2026-03-07 23:02:50 Account User: test1, Player UID: 15, Is Connected
2026-03-07 23:02:51 +--------+-------------------------------------------------+----------------+
[!] INVENTORY_REQ; Length: [4 Bytes] </>
         +-------------------------------------------------+
         |  0  1  2  3  4  5  6  7  8  9  A  B  C  D  E  F |
+--------+-------------------------------------------------+----------------+
|00000000| 0E 09 88 24                                     |...$            |
+--------+-------------------------------------------------+----------------+
2026-03-07 23:02:54 +--------+-------------------------------------------------+----------------+
[!] CHANNELLIST_REQ; Length: [8 Bytes] </>
         +-------------------------------------------------+
         |  0  1  2  3  4  5  6  7  8  9  A  B  C  D  E  F |
+--------+-------------------------------------------------+----------------+
|00000000| 1C 09 35 06 01 00 00 00                         |..5.....        |
+--------+-------------------------------------------------+----------------+
